  pugixml.cpp
  pugixpath.cpp
  material.cpp
D:\gitDemo\jgl\ShaderCompiler\param.h(8,1): warning C4624: “ParamValue”: 已将析构函数隐式定义为“已删除”
D:\gitDemo\jgl\ShaderCompiler\param.h(28,1): warning C4624: “Param”: 已将析构函数隐式定义为“已删除”
D:\gitDemo\jgl\ShaderCompiler\param.h(18): error C2280: “ParamValue::ParamValue(void)”: 尝试引用已删除的函数
D:\gitDemo\jgl\ShaderCompiler\param.h(8): message : 编译器已在此处生成“ParamValue::ParamValue”
D:\gitDemo\jgl\ShaderCompiler\param.h(8,1): message : “ParamValue::ParamValue(void)”: 由于“ParamValue”的变量数据成员“ParamValue::name”包含不常用的 默认构造函数，因此已隐式删除函数
D:\gitDemo\jgl\ShaderCompiler\param.h(5): message : 参见“ParamValue::name”的声明
D:\gitDemo\jgl\ShaderCompiler\param.h(19): error C2280: “ParamValue::~ParamValue(void)”: 尝试引用已删除的函数
D:\gitDemo\jgl\ShaderCompiler\param.h(8): message : 编译器已在此处生成“ParamValue::~ParamValue”
D:\gitDemo\jgl\ShaderCompiler\param.h(8,1): message : “ParamValue::~ParamValue(void)”: 由于“ParamValue”的变量数据成员“ParamValue::name”包含不常用的 析构函数，因此已隐式删除函数
D:\gitDemo\jgl\ShaderCompiler\param.h(5): message : 参见“ParamValue::name”的声明
D:\gitDemo\jgl\ShaderCompiler\param.h(20,16): error C2039: "tok": 不是 "ParamValue" 的成员
D:\gitDemo\jgl\ShaderCompiler\param.h(3): message : 参见“ParamValue”的声明
D:\gitDemo\jgl\ShaderCompiler\param.h(21,12): error C2059: 语法错误:“typeid”
D:\gitDemo\jgl\ShaderCompiler\material.h(10,47): warning C4042: “filePath”: 有坏的存储类
D:\gitDemo\jgl\ShaderCompiler\param.h(4,1): error C2011: “ParamValue”:“union”类型重定义
D:\gitDemo\jgl\ShaderCompiler\param.h(3): message : 参见“ParamValue”的声明
D:\gitDemo\jgl\ShaderCompiler\param.h(10,1): error C2011: “ShaderResource”:“struct”类型重定义
D:\gitDemo\jgl\ShaderCompiler\param.h(9): message : 参见“ShaderResource”的声明
D:\gitDemo\jgl\ShaderCompiler\param.h(16,13): error C2011: “Param”:“class”类型重定义
D:\gitDemo\jgl\ShaderCompiler\param.h(16): message : 参见“Param”的声明
D:\gitDemo\jgl\ShaderCompiler\material.cpp(15,9): error C2561: “Material::StringTovalue”: 函数必须返回值
D:\gitDemo\jgl\ShaderCompiler\material.cpp(8): message : 参见“Material::StringTovalue”的声明
D:\gitDemo\jgl\ShaderCompiler\material.cpp(25,9): error C2561: “Material::StringTovalue”: 函数必须返回值
D:\gitDemo\jgl\ShaderCompiler\material.cpp(8): message : 参见“Material::StringTovalue”的声明
D:\gitDemo\jgl\ShaderCompiler\material.cpp(34,9): error C2561: “Material::StringTovalue”: 函数必须返回值
D:\gitDemo\jgl\ShaderCompiler\material.cpp(8): message : 参见“Material::StringTovalue”的声明
D:\gitDemo\jgl\ShaderCompiler\material.cpp(18,5): error C4996: 'strncpy': This function or variable may be unsafe. Consider using strncpy_s instead. To disable deprecation, use _CRT_SECURE_NO_WARNINGS. See online help for details.
D:\gitDemo\jgl\ShaderCompiler\material.cpp(27,5): error C4996: 'strncpy': This function or variable may be unsafe. Consider using strncpy_s instead. To disable deprecation, use _CRT_SECURE_NO_WARNINGS. See online help for details.
D:\gitDemo\jgl\ShaderCompiler\material.cpp(36,5): error C4996: 'strncpy': This function or variable may be unsafe. Consider using strncpy_s instead. To disable deprecation, use _CRT_SECURE_NO_WARNINGS. See online help for details.
D:\gitDemo\jgl\ShaderCompiler\material.cpp(61,50): warning C4244: “参数”: 从“double”转换到“T”，可能丢失数据
          with
          [
              T=float
          ]
D:\gitDemo\jgl\ShaderCompiler\material.cpp(62,23): error C2079: “p”使用未定义的 class“Param”
D:\gitDemo\jgl\ShaderCompiler\material.cpp(62,35): error C2440: “初始化”: 无法从“initializer list”转换为“int”
D:\gitDemo\jgl\ShaderCompiler\material.cpp(62,24): message : 初始值设定项包含过多元素
  正在生成代码...
